symptom from file: anxiety : 6
symptom from file: arrhythmias : 4
symptom from file: blindness : 2
symptom from file: blurred vision : 6
symptom from file: constricted pupils : 4
symptom from file: cough : 7
symptom from file: dialated pupils : 5
symptom from file: dizziness : 6
symptom from file: dry mouth : 9
symptom from file: fever : 8
symptom from file: headache : 4
symptom from file: high blood pressure : 11
symptom from file: inflamation : 8
symptom from file: insomnia : 5
symptom from file: low blood pressure : 5
symptom from file: nausea : 6
symptom from file: rapid heart rate : 2
symptom from file: rash : 5
symptom from file: shortness of breath : 4
symptom from file: stiff neck : 5
symptom from file: stomach pain : 4
symptom from file: tremor : 5
symptom from file: water retention : 2
